#
# There is insufficient memory for the Java Runtime Environment to continue.
# Native memory allocation (malloc) failed to allocate 1048576 bytes for AllocateHeap
# Possible reasons:
#   The system is out of physical RAM or swap space
#   The process is running with CompressedOops enabled, and the Java Heap may be blocking the growth of the native heap
# Possible solutions:
#   Reduce memory load on the system
#   Increase physical memory or swap space
#   Check if swap backing store is full
#   Decrease Java heap size (-Xmx/-Xms)
#   Decrease number of Java threads
#   Decrease Java thread stack sizes (-Xss)
#   Set larger code cache with -XX:ReservedCodeCacheSize=
#   JVM is running with Zero Based Compressed Oops mode in which the Java heap is
#     placed in the first 32GB address space. The Java Heap base address is the
#     maximum limit for the native heap growth. Please use -XX:HeapBaseMinAddress
#     to set the Java Heap base and to place the Java Heap above 32GB virtual address.
# This output file may be truncated or incomplete.
#
#  Out of Memory Error (allocation.cpp:44), pid=41868, tid=41916
#
# JRE version:  (18.0.1.1+2) (build )
# Java VM: Java HotSpot(TM) 64-Bit Server VM (18.0.1.1+2-6, mixed mode, sharing, tiered, compressed oops, compressed class ptrs, g1 gc, windows-amd64)
# No core dump will be written. Minidumps are not enabled by default on client versions of Windows
#

---------------  S U M M A R Y ------------

Command Line: -Dfile.encoding=UTF-8 -XX:+ShowCodeDetailsInExceptionMessages Sistema.MenuPrinc

Host: Intel(R) Core(TM) i7-9750H CPU @ 2.60GHz, 12 cores, 15G,  Windows 10 , 64 bit Build 19041 (10.0.19041.1706)
Time: Fri Jun  3 20:36:32 2022 Central America Standard Time elapsed time: 0.010226 seconds (0d 0h 0m 0s)

---------------  T H R E A D  ---------------

Current thread (0x000001b4da5dd2f0):  JavaThread "Unknown thread" [_thread_in_vm, id=41916, stack(0x00000063a7d00000,0x00000063a7e00000)]

Stack: [0x00000063a7d00000,0x00000063a7e00000]
Native frames: (J=compiled Java code, j=interpreted, Vv=VM code, C=native code)
V  [jvm.dll+0x69887a]
V  [jvm.dll+0x7f38bd]
V  [jvm.dll+0x7f51ce]
V  [jvm.dll+0x7f5883]
V  [jvm.dll+0x25ca3f]
V  [jvm.dll+0xb31af]
V  [jvm.dll+0x3025b9]
V  [jvm.dll+0x2facb3]
V  [jvm.dll+0x7c24f0]
V  [jvm.dll+0x38b801]
V  [jvm.dll+0x7a1203]
V  [jvm.dll+0x40d6bf]
V  [jvm.dll+0x40f091]
C  [jli.dll+0x526b]
C  [ucrtbase.dll+0x21bb2]
C  [KERNEL32.DLL+0x17034]
C  [ntdll.dll+0x52651]


---------------  P R O C E S S  ---------------

Threads class SMR info:
_java_thread_list=0x00007ffaa28fd550, length=0, elements={
}

Java Threads: ( => current thread )

Other Threads:
  0x000001b4da64d5e0 WorkerThread "GC Thread#0" [stack: 0x00000063a7e00000,0x00000063a7f00000] [id=41912]

[error occurred during error reporting (printing all threads), id 0xc0000005, EXCEPTION_ACCESS_VIOLATION (0xc0000005) at pc=0x00007ffaa21277e0]

VM state: not at safepoint (not fully initialized)

VM Mutex/Monitor currently owned by a thread:  ([mutex/lock_event])
[0x000001b4da5d8300] Heap_lock - owner thread: 0x000001b4da5dd2f0

Heap address: 0x0000000702e00000, size: 4050 MB, Compressed Oops mode: Zero based, Oop shift amount: 3

CDS archive(s) mapped at: [0x0000000000000000-0x0000000000000000-0x0000000000000000), size 0, SharedBaseAddress: 0x0000000800000000, ArchiveRelocationMode: 0.
Narrow klass base: 0x0000000000000000, Narrow klass shift: 0, Narrow klass range: 0x0

GC Precious Log:
 CardTable entry size: 512
 Card Set container configuration: InlinePtr #cards 4 size 8 Array Of Cards #cards 16 size 48 Howl #buckets 8 coarsen threshold 3686 Howl Bitmap #cards 512 size 80 coarsen threshold 460 Card regions per heap region 1 cards per card region 4096

Heap:
 garbage-first heap   total 0K, used 0K [0x0000000702e00000, 0x0000000800000000)
  region size 2048K, 0 young (0K), 0 survivors (0K)

[error occurred during error reporting (printing heap information), id 0xc0000005, EXCEPTION_ACCESS_VIOLATION (0xc0000005) at pc=0x00007ffaa2510cb9]

GC Heap History (0 events):
No events

Deoptimization events (0 events):
No events

Classes loaded (0 events):
No events

Classes unloaded (0 events):
No events

Classes redefined (0 events):
No events

Internal exceptions (0 events):
No events

VM Operations (0 events):
No events

Events (1 events):
Event: 0.007 Loaded shared library C:\Program Files\Java\jdk-18.0.1.1\bin\java.dll


Dynamic libraries:
0x00007ff7edf00000 - 0x00007ff7edf10000 	C:\Program Files\Java\jdk-18.0.1.1\bin\javaw.exe
0x00007ffb26390000 - 0x00007ffb26585000 	C:\Windows\SYSTEM32\ntdll.dll
0x00007ffb25bb0000 - 0x00007ffb25c6d000 	C:\Windows\System32\KERNEL32.DLL
0x00007ffb23c00000 - 0x00007ffb23ecd000 	C:\Windows\System32\KERNELBASE.dll
0x00007ffb24260000 - 0x00007ffb24360000 	C:\Windows\System32\ucrtbase.dll
0x00007ffaf9680000 - 0x00007ffaf969a000 	C:\Program Files\Java\jdk-18.0.1.1\bin\VCRUNTIME140.dll
0x00007ffafbfb0000 - 0x00007ffafbfc8000 	C:\Program Files\Java\jdk-18.0.1.1\bin\jli.dll
0x00007ffb24f80000 - 0x00007ffb2502e000 	C:\Windows\System32\ADVAPI32.dll
0x00007ffb25d50000 - 0x00007ffb25dee000 	C:\Windows\System32\msvcrt.dll
0x00007ffb260a0000 - 0x00007ffb2613c000 	C:\Windows\System32\sechost.dll
0x00007ffb245c0000 - 0x00007ffb246e5000 	C:\Windows\System32\RPCRT4.dll
0x00007ffb261a0000 - 0x00007ffb26340000 	C:\Windows\System32\USER32.dll
0x00007ffb038d0000 - 0x00007ffb03b6a000 	C:\Windows\WinSxS\amd64_microsoft.windows.common-controls_6595b64144ccf1df_6.0.19041.1110_none_60b5254171f9507e\COMCTL32.dll
0x00007ffb24360000 - 0x00007ffb24382000 	C:\Windows\System32\win32u.dll
0x00007ffb25e00000 - 0x00007ffb25e2a000 	C:\Windows\System32\GDI32.dll
0x00007ffb24150000 - 0x00007ffb2425b000 	C:\Windows\System32\gdi32full.dll
0x00007ffb23f80000 - 0x00007ffb2401d000 	C:\Windows\System32\msvcp_win.dll
0x00007ffb1b6f0000 - 0x00007ffb1b6fa000 	C:\Windows\SYSTEM32\VERSION.dll
0x00007ffb24800000 - 0x00007ffb24830000 	C:\Windows\System32\IMM32.DLL
0x00007ffb0c330000 - 0x00007ffb0c33c000 	C:\Program Files\Java\jdk-18.0.1.1\bin\vcruntime140_1.dll
0x00007ffae2ae0000 - 0x00007ffae2b6d000 	C:\Program Files\Java\jdk-18.0.1.1\bin\msvcp140.dll
0x00007ffaa1e20000 - 0x00007ffaa2a30000 	C:\Program Files\Java\jdk-18.0.1.1\bin\server\jvm.dll
0x00007ffb25df0000 - 0x00007ffb25df8000 	C:\Windows\System32\PSAPI.DLL
0x00007ffb18450000 - 0x00007ffb18477000 	C:\Windows\SYSTEM32\WINMM.dll
0x00007ffb0c070000 - 0x00007ffb0c079000 	C:\Windows\SYSTEM32\WSOCK32.dll
0x00007ffb25b40000 - 0x00007ffb25bab000 	C:\Windows\System32\WS2_32.dll
0x00007ffb22380000 - 0x00007ffb22392000 	C:\Windows\SYSTEM32\kernel.appcore.dll
0x00007ffb0b460000 - 0x00007ffb0b46a000 	C:\Program Files\Java\jdk-18.0.1.1\bin\jimage.dll
0x00007ffb22050000 - 0x00007ffb22234000 	C:\Windows\SYSTEM32\DBGHELP.DLL
0x00007ffb0ac20000 - 0x00007ffb0ac4c000 	C:\Windows\SYSTEM32\dbgcore.DLL
0x00007ffb24020000 - 0x00007ffb240a2000 	C:\Windows\System32\bcryptPrimitives.dll
0x00007ffaf9650000 - 0x00007ffaf9675000 	C:\Program Files\Java\jdk-18.0.1.1\bin\java.dll

dbghelp: loaded successfully - version: 4.0.5 - missing functions: none
symbol engine: initialized successfully - sym options: 0x614 - pdb path: .;C:\Program Files\Java\jdk-18.0.1.1\bin;C:\Windows\SYSTEM32;C:\Windows\WinSxS\amd64_microsoft.windows.common-controls_6595b64144ccf1df_6.0.19041.1110_none_60b5254171f9507e;C:\Program Files\Java\jdk-18.0.1.1\bin\server

VM Arguments:
jvm_args: -Dfile.encoding=UTF-8 -XX:+ShowCodeDetailsInExceptionMessages 
java_command: Sistema.MenuPrinc
java_class_path (initial): C:\Users\Usuario\eclipse-workspace\SistemaVenta\bin
Launcher Type: SUN_STANDARD

[Global flags]
     intx CICompilerCount                          = 4                                         {product} {ergonomic}
     uint ConcGCThreads                            = 3                                         {product} {ergonomic}
     uint G1ConcRefinementThreads                  = 10                                        {product} {ergonomic}
   size_t G1HeapRegionSize                         = 2097152                                   {product} {ergonomic}
    uintx GCDrainStackTargetSize                   = 64                                        {product} {ergonomic}
   size_t InitialHeapSize                          = 266338304                                 {product} {ergonomic}
   size_t MarkStackSize                            = 4194304                                   {product} {ergonomic}
   size_t MaxHeapSize                              = 4246732800                                {product} {ergonomic}
   size_t MinHeapDeltaBytes                        = 2097152                                   {product} {ergonomic}
   size_t MinHeapSize                              = 8388608                                   {product} {ergonomic}
    uintx NonNMethodCodeHeapSize                   = 5839372                                {pd product} {ergonomic}
    uintx NonProfiledCodeHeapSize                  = 122909434                              {pd product} {ergonomic}
    uintx ProfiledCodeHeapSize                     = 122909434                              {pd product} {ergonomic}
    uintx ReservedCodeCacheSize                    = 251658240                              {pd product} {ergonomic}
     bool SegmentedCodeCache                       = true                                      {product} {ergonomic}
     bool ShowCodeDetailsInExceptionMessages       = true                                   {manageable} {command line}
   size_t SoftMaxHeapSize                          = 4246732800                             {manageable} {ergonomic}
     bool UseCompressedClassPointers               = true                           {product lp64_product} {ergonomic}
     bool UseCompressedOops                        = true                           {product lp64_product} {ergonomic}
     bool UseG1GC                                  = true                                      {product} {ergonomic}
     bool UseLargePagesIndividualAllocation        = false                                  {pd product} {ergonomic}

Logging:
Log output configuration:
 #0: stdout all=warning uptime,level,tags foldmultilines=false
 #1: stderr all=off uptime,level,tags foldmultilines=false

Environment Variables:
PATH=C:\Program Files\Common Files\Oracle\Java\javapath;C:\Windows\system32;C:\Windows;C:\Windows\System32\Wbem;C:\Windows\System32\WindowsPowerShell\v1.0\;C:\Windows\System32\OpenSSH\;C:\Program Files\NVIDIA Corporation\NVIDIA NvDLISR;C:\Program Files (x86)\dotnet\;C:\Program Files\nodejs\;C:\Program Files\Git\cmd;C:\Program Files (x86)\NVIDIA Corporation\PhysX\Common;C:\Users\Usuario\AppData\Local\Microsoft\WindowsApps;C:\Users\Usuario\AppData\Local\Programs\Microsoft VS Code\bin;C:\Users\Usuario\AppData\Roaming\npm;C:\Program Files\heroku\bin;C:\Users\Usuario\AppData\Local\GitHubDesktop\bin
USERNAME=Usuario
OS=Windows_NT
PROCESSOR_IDENTIFIER=Intel64 Family 6 Model 158 Stepping 10, GenuineIntel



---------------  S Y S T E M  ---------------

OS:
 Windows 10 , 64 bit Build 19041 (10.0.19041.1706)
OS uptime: 0 days 21:40 hours

CPU: total 12 (initial active 12) (6 cores per cpu, 2 threads per core) family 6 model 158 stepping 10 microcode 0xde, cx8, cmov, fxsr, ht, mmx, 3dnowpref, sse, sse2, sse3, ssse3, sse4.1, sse4.2, popcnt, lzcnt, tsc, tscinvbit, avx, avx2, aes, erms, clmul, bmi1, bmi2, adx, fma, vzeroupper, clflush, clflushopt

Memory: 4k page, system-wide physical 16196M (2885M free)
TotalPageFile size 65348M (AvailPageFile size 5M)
current process WorkingSet (physical memory assigned to process): 10M, peak: 10M
current process commit charge ("private bytes"): 57M, peak: 58M

vm_info: Java HotSpot(TM) 64-Bit Server VM (18.0.1.1+2-6) for windows-amd64 JRE (18.0.1.1+2-6), built on Apr 25 2022 21:53:15 by "mach5one" with MS VC++ 16.8 / 16.9 (VS2019)

END.
