#
# There is insufficient memory for the Java Runtime Environment to continue.
# Native memory allocation (mmap) failed to map 266338304 bytes for G1 virtual space
# Possible reasons:
#   The system is out of physical RAM or swap space
#   The process is running with CompressedOops enabled, and the Java Heap may be blocking the growth of the native heap
# Possible solutions:
#   Reduce memory load on the system
#   Increase physical memory or swap space
#   Check if swap backing store is full
#   Decrease Java heap size (-Xmx/-Xms)
#   Decrease number of Java threads
#   Decrease Java thread stack sizes (-Xss)
#   Set larger code cache with -XX:ReservedCodeCacheSize=
#   JVM is running with Zero Based Compressed Oops mode in which the Java heap is
#     placed in the first 32GB address space. The Java Heap base address is the
#     maximum limit for the native heap growth. Please use -XX:HeapBaseMinAddress
#     to set the Java Heap base and to place the Java Heap above 32GB virtual address.
# This output file may be truncated or incomplete.
#
#  Out of Memory Error (os_windows.cpp:3530), pid=39020, tid=26816
#
# JRE version:  (18.0.1.1+2) (build )
# Java VM: Java HotSpot(TM) 64-Bit Server VM (18.0.1.1+2-6, mixed mode, sharing, tiered, compressed oops, compressed class ptrs, g1 gc, windows-amd64)
# No core dump will be written. Minidumps are not enabled by default on client versions of Windows
#

---------------  S U M M A R Y ------------

Command Line: -Dfile.encoding=UTF-8 -XX:+ShowCodeDetailsInExceptionMessages Sistema.Login

Host: Intel(R) Core(TM) i7-9750H CPU @ 2.60GHz, 12 cores, 15G,  Windows 10 , 64 bit Build 19041 (10.0.19041.1806)
Time: Mon Jul 11 19:17:48 2022 Hora estándar, América Central elapsed time: 0.010216 seconds (0d 0h 0m 0s)

---------------  T H R E A D  ---------------

Current thread (0x00000277df16d840):  JavaThread "Unknown thread" [_thread_in_vm, id=26816, stack(0x000000e478500000,0x000000e478600000)]

Stack: [0x000000e478500000,0x000000e478600000]
Native frames: (J=compiled Java code, j=interpreted, Vv=VM code, C=native code)
V  [jvm.dll+0x69887a]
V  [jvm.dll+0x7f38bd]
V  [jvm.dll+0x7f51ce]
V  [jvm.dll+0x7f5883]
V  [jvm.dll+0x25ca3f]
V  [jvm.dll+0x6957c9]
V  [jvm.dll+0x68a2fa]
V  [jvm.dll+0x321efb]
V  [jvm.dll+0x3298d6]
V  [jvm.dll+0x37e47e]
V  [jvm.dll+0x37e6af]
V  [jvm.dll+0x2f9c7a]
V  [jvm.dll+0x2facdd]
V  [jvm.dll+0x7c24f0]
V  [jvm.dll+0x38b801]
V  [jvm.dll+0x7a1203]
V  [jvm.dll+0x40d6bf]
V  [jvm.dll+0x40f091]
C  [jli.dll+0x526b]
C  [ucrtbase.dll+0x21bb2]
C  [KERNEL32.DLL+0x17034]
C  [ntdll.dll+0x52651]


---------------  P R O C E S S  ---------------

Threads class SMR info:
_java_thread_list=0x00007ff9b539d550, length=0, elements={
}

Java Threads: ( => current thread )

Other Threads:
  0x00000277df1de810 WorkerThread "GC Thread#0" [stack: 0x000000e478600000,0x000000e478700000] [id=16444]
  0x00000277df1f0b10 ConcurrentGCThread "G1 Main Marker" [stack: 0x000000e478700000,0x000000e478800000] [id=39888]
  0x00000277df1f2420 WorkerThread "G1 Conc#0" [stack: 0x000000e478800000,0x000000e478900000] [id=996]

[error occurred during error reporting (printing all threads), id 0xc0000005, EXCEPTION_ACCESS_VIOLATION (0xc0000005) at pc=0x00007ff9b4bca217]

VM state: not at safepoint (not fully initialized)

VM Mutex/Monitor currently owned by a thread:  ([mutex/lock_event])
[0x00000277df16bdf0] Heap_lock - owner thread: 0x00000277df16d840

Heap address: 0x0000000702e00000, size: 4050 MB, Compressed Oops mode: Zero based, Oop shift amount: 3

CDS archive(s) mapped at: [0x0000000000000000-0x0000000000000000-0x0000000000000000), size 0, SharedBaseAddress: 0x0000000800000000, ArchiveRelocationMode: 0.
Narrow klass base: 0x0000000000000000, Narrow klass shift: 0, Narrow klass range: 0x0

GC Precious Log:
 CardTable entry size: 512
 Card Set container configuration: InlinePtr #cards 4 size 8 Array Of Cards #cards 16 size 48 Howl #buckets 8 coarsen threshold 3686 Howl Bitmap #cards 512 size 80 coarsen threshold 460 Card regions per heap region 1 cards per card region 4096

Heap:
 garbage-first heap   total 0K, used 0K [0x0000000702e00000, 0x0000000800000000)
  region size 2048K, 0 young (0K), 0 survivors (0K)

[error occurred during error reporting (printing heap information), id 0xc0000005, EXCEPTION_ACCESS_VIOLATION (0xc0000005) at pc=0x00007ff9b4fb0cb9]

GC Heap History (0 events):
No events

Deoptimization events (0 events):
No events

Classes loaded (0 events):
No events

Classes unloaded (0 events):
No events

Classes redefined (0 events):
No events

Internal exceptions (0 events):
No events

VM Operations (0 events):
No events

Events (1 events):
Event: 0.006 Loaded shared library C:\Program Files\Java\jdk-18.0.1.1\bin\java.dll


Dynamic libraries:
0x00007ff6c6e00000 - 0x00007ff6c6e10000 	C:\Program Files\Java\jdk-18.0.1.1\bin\javaw.exe
0x00007ffa25370000 - 0x00007ffa25568000 	C:\Windows\SYSTEM32\ntdll.dll
0x00007ffa233d0000 - 0x00007ffa2348d000 	C:\Windows\System32\KERNEL32.DLL
0x00007ffa22f50000 - 0x00007ffa2321e000 	C:\Windows\System32\KERNELBASE.dll
0x00007ffa232d0000 - 0x00007ffa233d0000 	C:\Windows\System32\ucrtbase.dll
0x00007ffa18d00000 - 0x00007ffa18d18000 	C:\Program Files\Java\jdk-18.0.1.1\bin\jli.dll
0x00007ffa18f70000 - 0x00007ffa18f8a000 	C:\Program Files\Java\jdk-18.0.1.1\bin\VCRUNTIME140.dll
0x00007ffa24440000 - 0x00007ffa244ee000 	C:\Windows\System32\ADVAPI32.dll
0x00007ffa24210000 - 0x00007ffa242ae000 	C:\Windows\System32\msvcrt.dll
0x00007ffa23490000 - 0x00007ffa2352c000 	C:\Windows\System32\sechost.dll
0x00007ffa24310000 - 0x00007ffa24435000 	C:\Windows\System32\RPCRT4.dll
0x00007ffa24820000 - 0x00007ffa249c0000 	C:\Windows\System32\USER32.dll
0x00007ffa00230000 - 0x00007ffa004ca000 	C:\Windows\WinSxS\amd64_microsoft.windows.common-controls_6595b64144ccf1df_6.0.19041.1110_none_60b5254171f9507e\COMCTL32.dll
0x00007ffa22d00000 - 0x00007ffa22d22000 	C:\Windows\System32\win32u.dll
0x00007ffa24cf0000 - 0x00007ffa24d1a000 	C:\Windows\System32\GDI32.dll
0x00007ffa22bf0000 - 0x00007ffa22cfb000 	C:\Windows\System32\gdi32full.dll
0x00007ffa22ac0000 - 0x00007ffa22b5d000 	C:\Windows\System32\msvcp_win.dll
0x00007ffa19f10000 - 0x00007ffa19f1a000 	C:\Windows\SYSTEM32\VERSION.dll
0x00007ffa24760000 - 0x00007ffa24790000 	C:\Windows\System32\IMM32.DLL
0x00007ffa1ad70000 - 0x00007ffa1ad7c000 	C:\Program Files\Java\jdk-18.0.1.1\bin\vcruntime140_1.dll
0x00007ff9e0540000 - 0x00007ff9e05cd000 	C:\Program Files\Java\jdk-18.0.1.1\bin\msvcp140.dll
0x00007ff9b48c0000 - 0x00007ff9b54d0000 	C:\Program Files\Java\jdk-18.0.1.1\bin\server\jvm.dll
0x00007ffa24a70000 - 0x00007ffa24a78000 	C:\Windows\System32\PSAPI.DLL
0x00007ffa15990000 - 0x00007ffa159b7000 	C:\Windows\SYSTEM32\WINMM.dll
0x00007ffa18f60000 - 0x00007ffa18f69000 	C:\Windows\SYSTEM32\WSOCK32.dll
0x00007ffa24640000 - 0x00007ffa246ab000 	C:\Windows\System32\WS2_32.dll
0x00007ffa21320000 - 0x00007ffa21332000 	C:\Windows\SYSTEM32\kernel.appcore.dll
0x00007ffa0c110000 - 0x00007ffa0c11a000 	C:\Program Files\Java\jdk-18.0.1.1\bin\jimage.dll
0x00007ffa21040000 - 0x00007ffa21224000 	C:\Windows\SYSTEM32\DBGHELP.DLL
0x00007ffa16490000 - 0x00007ffa164bc000 	C:\Windows\SYSTEM32\dbgcore.DLL
0x00007ffa22b60000 - 0x00007ffa22be2000 	C:\Windows\System32\bcryptPrimitives.dll
0x00007ffa09f70000 - 0x00007ffa09f95000 	C:\Program Files\Java\jdk-18.0.1.1\bin\java.dll

dbghelp: loaded successfully - version: 4.0.5 - missing functions: none
symbol engine: initialized successfully - sym options: 0x614 - pdb path: .;C:\Program Files\Java\jdk-18.0.1.1\bin;C:\Windows\SYSTEM32;C:\Windows\WinSxS\amd64_microsoft.windows.common-controls_6595b64144ccf1df_6.0.19041.1110_none_60b5254171f9507e;C:\Program Files\Java\jdk-18.0.1.1\bin\server

VM Arguments:
jvm_args: -Dfile.encoding=UTF-8 -XX:+ShowCodeDetailsInExceptionMessages 
java_command: Sistema.Login
java_class_path (initial): C:\Users\Usuario\eclipse-workspace\SistemaVenta\bin;C:\Users\Usuario\eclipse-workspace\SistemaVenta\libreria\gson-2.8.5.jar;C:\Users\Usuario\eclipse-workspace\SistemaVenta\libreria\json-simple-1.1.1.jar;C:\Users\Usuario\eclipse-workspace\SistemaVenta\libreria\itextpdf-5.4.0.jar;C:\Users\Usuario\eclipse-workspace\SistemaVenta\libreria\mysql-connector-java-8.0.29\mysql-connector-java-8.0.29.jar
Launcher Type: SUN_STANDARD

[Global flags]
     intx CICompilerCount                          = 4                                         {product} {ergonomic}
     uint ConcGCThreads                            = 3                                         {product} {ergonomic}
     uint G1ConcRefinementThreads                  = 10                                        {product} {ergonomic}
   size_t G1HeapRegionSize                         = 2097152                                   {product} {ergonomic}
    uintx GCDrainStackTargetSize                   = 64                                        {product} {ergonomic}
   size_t InitialHeapSize                          = 266338304                                 {product} {ergonomic}
   size_t MarkStackSize                            = 4194304                                   {product} {ergonomic}
   size_t MaxHeapSize                              = 4246732800                                {product} {ergonomic}
   size_t MinHeapDeltaBytes                        = 2097152                                   {product} {ergonomic}
   size_t MinHeapSize                              = 8388608                                   {product} {ergonomic}
    uintx NonNMethodCodeHeapSize                   = 5839372                                {pd product} {ergonomic}
    uintx NonProfiledCodeHeapSize                  = 122909434                              {pd product} {ergonomic}
    uintx ProfiledCodeHeapSize                     = 122909434                              {pd product} {ergonomic}
    uintx ReservedCodeCacheSize                    = 251658240                              {pd product} {ergonomic}
     bool SegmentedCodeCache                       = true                                      {product} {ergonomic}
     bool ShowCodeDetailsInExceptionMessages       = true                                   {manageable} {command line}
   size_t SoftMaxHeapSize                          = 4246732800                             {manageable} {ergonomic}
     bool UseCompressedClassPointers               = true                           {product lp64_product} {ergonomic}
     bool UseCompressedOops                        = true                           {product lp64_product} {ergonomic}
     bool UseG1GC                                  = true                                      {product} {ergonomic}
     bool UseLargePagesIndividualAllocation        = false                                  {pd product} {ergonomic}

Logging:
Log output configuration:
 #0: stdout all=warning uptime,level,tags foldmultilines=false
 #1: stderr all=off uptime,level,tags foldmultilines=false

Environment Variables:
PATH=C:\Program Files\Common Files\Oracle\Java\javapath;C:\Windows\system32;C:\Windows;C:\Windows\System32\Wbem;C:\Windows\System32\WindowsPowerShell\v1.0\;C:\Windows\System32\OpenSSH\;C:\Program Files\NVIDIA Corporation\NVIDIA NvDLISR;C:\Program Files (x86)\dotnet\;C:\Program Files\nodejs\;C:\Program Files\Git\cmd;C:\Program Files (x86)\NVIDIA Corporation\PhysX\Common;C:\Users\Usuario\AppData\Local\Microsoft\WindowsApps;C:\Users\Usuario\AppData\Local\Programs\Microsoft VS Code\bin;C:\Users\Usuario\AppData\Roaming\npm;C:\Program Files\heroku\bin;C:\Users\Usuario\AppData\Local\GitHubDesktop\bin
USERNAME=Usuario
OS=Windows_NT
PROCESSOR_IDENTIFIER=Intel64 Family 6 Model 158 Stepping 10, GenuineIntel



---------------  S Y S T E M  ---------------

OS:
 Windows 10 , 64 bit Build 19041 (10.0.19041.1806)
OS uptime: 0 days 18:19 hours

CPU: total 12 (initial active 12) (6 cores per cpu, 2 threads per core) family 6 model 158 stepping 10 microcode 0xde, cx8, cmov, fxsr, ht, mmx, 3dnowpref, sse, sse2, sse3, ssse3, sse4.1, sse4.2, popcnt, lzcnt, tsc, tscinvbit, avx, avx2, aes, erms, clmul, bmi1, bmi2, adx, fma, vzeroupper, clflush, clflushopt

Memory: 4k page, system-wide physical 16196M (2752M free)
TotalPageFile size 65316M (AvailPageFile size 108M)
current process WorkingSet (physical memory assigned to process): 10M, peak: 10M
current process commit charge ("private bytes"): 64M, peak: 318M

vm_info: Java HotSpot(TM) 64-Bit Server VM (18.0.1.1+2-6) for windows-amd64 JRE (18.0.1.1+2-6), built on Apr 25 2022 21:53:15 by "mach5one" with MS VC++ 16.8 / 16.9 (VS2019)

END.
